[debug] [2023-06-21T19:17:36.548Z] ----------------------------------------------------------------------
[debug] [2023-06-21T19:17:36.549Z] Command:       /usr/local/bin/node /usr/local/bin/firebase init
[debug] [2023-06-21T19:17:36.550Z] CLI Version:   12.4.0
[debug] [2023-06-21T19:17:36.550Z] Platform:      darwin
[debug] [2023-06-21T19:17:36.550Z] Node Version:  v18.16.0
[debug] [2023-06-21T19:17:36.551Z] Time:          Wed Jun 21 2023 14:17:36 GMT-0500 (Central Daylight Time)
[debug] [2023-06-21T19:17:36.551Z] ----------------------------------------------------------------------
[debug] 
[debug] [2023-06-21T19:17:36.618Z] > command requires scopes: ["email","openid","https://www.googleapis.com/auth/cloudplatformprojects.readonly","https://www.googleapis.com/auth/firebase","https://www.googleapis.com/auth/cloud-platform"]
[debug] [2023-06-21T19:17:36.618Z] > authorizing via signed-in user (blmorris899@gmail.com)
[info] 
     ######## #### ########  ######## ########     ###     ######  ########
     ##        ##  ##     ## ##       ##     ##  ##   ##  ##       ##
     ######    ##  ########  ######   ########  #########  ######  ######
     ##        ##  ##    ##  ##       ##     ## ##     ##       ## ##
     ##       #### ##     ## ######## ########  ##     ##  ######  ########

You're about to initialize a Firebase project in this directory:

  /Users/benmorris/Portfolio/react-website-portfolio

Before we get started, keep in mind:

  * You are initializing within an existing Firebase project directory

